Removed Pin From Net: NetName=GPIO_BELL Pin=U7-8
Change Component Designator: OldDesignator=D1 NewDesignator=D3
Change Component Designator: OldDesignator=D2 NewDesignator=D4
Change Component Designator: OldDesignator=D3 NewDesignator=D5
Change Component Designator: OldDesignator=D4 NewDesignator=D6
Change Component Designator: OldDesignator=D5 NewDesignator=D7
Change Component Designator: OldDesignator=D6 NewDesignator=D8
Change Component Designator: OldDesignator=D7 NewDesignator=D9
Change Component Designator: OldDesignator=R2 NewDesignator=R4
Change Component Designator: OldDesignator=R3 NewDesignator=R5
Change Component Designator: OldDesignator=R4 NewDesignator=R6
Change Component Designator: OldDesignator=R5 NewDesignator=R7
Change Component Designator: OldDesignator=R6 NewDesignator=R8
Change Component Designator: OldDesignator=R7 NewDesignator=R9
Change Component Designator: OldDesignator=R8 NewDesignator=R10
Change Component Designator: OldDesignator=R9 NewDesignator=R11
Change Component Designator: OldDesignator=R10 NewDesignator=R12
Change Component Designator: OldDesignator=R11 NewDesignator=R13
Change Component Designator: OldDesignator=R12 NewDesignator=R14
Change Component Designator: OldDesignator=R13 NewDesignator=R15
Change Component Designator: OldDesignator=R14 NewDesignator=R16
Change Component Designator: OldDesignator=R15 NewDesignator=R17
Change Component Designator: OldDesignator=R16 NewDesignator=R18
Change Component Designator: OldDesignator=R17 NewDesignator=R19
Change Component Designator: OldDesignator=R18 NewDesignator=R20
Change Component Designator: OldDesignator=R19 NewDesignator=R21
Change Component Designator: OldDesignator=R20 NewDesignator=R22
Added Component: Designator=D1(LED_0603_BLUE)
Added Component: Designator=D2(LED_0603_BLUE)
Added Component: Designator=R2(RES_0603)
Added Component: Designator=R3(RES_0603)
Added Pin To Net: NetName=3V3 Pin=R2-2
Added Pin To Net: NetName=3V3 Pin=R3-2
Added Pin To Net: NetName=GPIO_BELL Pin=U7-2
Change Net Name : Old Net Name=GPIO_LED0 New Net Name=GPIO_LED1
Change Net Name : Old Net Name=NetD1_1 New Net Name=NetD3_1
Change Net Name : Old Net Name=NetD2_1 New Net Name=NetD4_1
Change Net Name : Old Net Name=NetD3_2 New Net Name=NetD5_2
Change Net Name : Old Net Name=NetD4_2 New Net Name=NetD6_2
Change Net Name : Old Net Name=NetD6_1 New Net Name=NetD8_1
Change Net Name : Old Net Name=NetD7_1 New Net Name=NetD9_1
Change Net Name : Old Net Name=NetR9_1 New Net Name=NetR11_1
Change Net Name : Old Net Name=NetR10_1 New Net Name=NetR12_1
Change Net Name : Old Net Name=NetR19_2 New Net Name=NetR21_2
Added Pin To Net: NetName=GPIO_LED0 Pin=D4-2
Added Pin To Net: NetName=GPIO_LED0 Pin=U7-8
Added Net: Name=GPIO_LED0
Added Pin To Net: NetName=GPIO_LED2 Pin=D2-2
Added Pin To Net: NetName=GPIO_LED2 Pin=U7-10
Added Net: Name=GPIO_LED2
Added Pin To Net: NetName=GPIO_LED3 Pin=D1-2
Added Pin To Net: NetName=GPIO_LED3 Pin=U7-11
Added Net: Name=GPIO_LED3
Added Pin To Net: NetName=NetD1_1 Pin=D1-1
Added Pin To Net: NetName=NetD1_1 Pin=R2-1
Added Net: Name=NetD1_1
Added Pin To Net: NetName=NetD2_1 Pin=D2-1
Added Pin To Net: NetName=NetD2_1 Pin=R3-1
Added Net: Name=NetD2_1
Added Member To Class: ClassName=LED BELL Member=Component D3 LED0
Added Member To Class: ClassName=LED BELL Member=Component D4 LED0
Added Member To Class: ClassName=LED BELL Member=Component R5 Res1
Added Member To Class: ClassName=LED BELL Member=Component R6 Res1
