Removed Pin From Net: NetName=GPIO_LED3 Pin=D1-2
Removed Pin From Net: NetName=GPIO_LED2 Pin=D2-2
Removed Pin From Net: NetName=GPIO_LED1 Pin=D3-2
Removed Pin From Net: NetName=GPIO_LED0 Pin=D4-2
Removed Member From Class: ClassName=LED BELL Member=D6
Removed Member From Class: ClassName=LED BELL Member=D7
Removed Member From Class: ClassName=LED BELL Member=R7
Removed Member From Class: ClassName=LED BELL Member=R8
Removed Member From Class: ClassName=MOTORS Member=R11
Removed Member From Class: ClassName=MOTORS Member=R12
Removed Member From Class: ClassName=MPU6050 Member=R20
Removed Member From Class: ClassName=MPU6050 Member=R21
Removed Member From Class: ClassName=POWER Member=R21
Change Component Footprint: Designator=D3 Old Footprint=LED_0603_BLUE New Footprint=LED_0603_GREEN
Change Component Footprint: Designator=D4 Old Footprint=LED_0603_BLUE New Footprint=LED_0603_GREEN
Added Pin To Net: NetName=GPIO_LED0 Pin=D1-2
Added Pin To Net: NetName=GPIO_LED1 Pin=D2-2
Added Pin To Net: NetName=GPIO_LED2 Pin=D3-2
Added Pin To Net: NetName=GPIO_LED3 Pin=D4-2
Added Member To Class: ClassName=LED BELL Member=Component D1 LED0
Added Member To Class: ClassName=LED BELL Member=Component D2 LED0
Added Member To Class: ClassName=LED BELL Member=Component R2 Res1
Added Member To Class: ClassName=LED BELL Member=Component R3 Res1
Added Member To Class: ClassName=MOTORS Member=Component R9 Res1
Added Member To Class: ClassName=MOTORS Member=Component R10 Res1
Added Member To Class: ClassName=POWER Member=Component R17 Res Semi
Added Member To Class: ClassName=MPU6050 Member=Component R18 Res1
Added Member To Class: ClassName=MPU6050 Member=Component R19 Res1
